<?xml version="1.0" encoding="UTF-8"?>
<!-- Generated by org.testng.reporters.JUnitReportReporter -->
<testsuite skipped="0" hostname="LAPTOP-5F236986" name="com.cyrano.testcases.Role_permisn" tests="1" failures="0" timestamp="28 Jan 2019 11:57:32 GMT" time="3.374" errors="0">
  <testcase name="role_permisn" time="3.374" classname="com.cyrano.testcases.Role_permisn"/>
</testsuite> <!-- com.cyrano.testcases.Role_permisn -->
