<?xml version="1.0" encoding="UTF-8"?>
<!-- Generated by org.testng.reporters.JUnitReportReporter -->
<testsuite skipped="0" hostname="LAPTOP-5F236986" name="com.cyrano.testcases.Forget_password" tests="2" failures="0" timestamp="25 Jan 2019 11:34:17 GMT" time="22.609" errors="0">
  <testcase name="Check_forgetpassword_credential12" time="7.770" classname="com.cyrano.testcases.Forget_password"/>
  <testcase name="Check_forgetpassword_credential" time="14.839" classname="com.cyrano.testcases.Forget_password"/>
</testsuite> <!-- com.cyrano.testcases.Forget_password -->
